<?xml version="1.0" encoding="UTF-8"?>
<coverage generated="1756903064935" clover="3.2.0">
  <project timestamp="1756903064935" name="All files">
    <metrics statements="32" coveredstatements="28" conditionals="10" coveredconditionals="5" methods="11" coveredmethods="10" elements="53" coveredelements="43" complexity="0" loc="32" ncloc="32" packages="1" files="1" classes="1"/>
    <file name="mockApi.ts" path="/Users/Mudassar.Hakim/developement/payflow-unified-kit/src/services/mockApi.ts">
      <metrics statements="32" coveredstatements="28" conditionals="10" coveredconditionals="5" methods="11" coveredmethods="10"/>
      <line num="4" count="8" type="stmt"/>
      <line num="8" count="1" type="stmt"/>
      <line num="10" count="1" type="stmt"/>
      <line num="23" count="1" type="stmt"/>
      <line num="24" count="1" type="stmt"/>
      <line num="26" count="1" type="stmt"/>
      <line num="69" count="1" type="stmt"/>
      <line num="70" count="1" type="stmt"/>
      <line num="74" count="1" type="stmt"/>
      <line num="76" count="1" type="stmt"/>
      <line num="101" count="1" type="stmt"/>
      <line num="104" count="1" type="stmt"/>
      <line num="106" count="1" type="cond" truecount="1" falsecount="1"/>
      <line num="109" count="0" type="stmt"/>
      <line num="117" count="1" type="cond" truecount="3" falsecount="1"/>
      <line num="119" count="1" type="stmt"/>
      <line num="129" count="0" type="stmt"/>
      <line num="141" count="1" type="stmt"/>
      <line num="143" count="1" type="stmt"/>
      <line num="145" count="1" type="stmt"/>
      <line num="147" count="1" type="stmt"/>
      <line num="154" count="1" type="stmt"/>
      <line num="156" count="1" type="stmt"/>
      <line num="179" count="1" type="cond" truecount="1" falsecount="1"/>
      <line num="180" count="1" type="stmt"/>
      <line num="184" count="0" type="stmt"/>
      <line num="185" count="0" type="cond" truecount="0" falsecount="2"/>
      <line num="191" count="1" type="stmt"/>
      <line num="193" count="1" type="stmt"/>
      <line num="202" count="1" type="stmt"/>
      <line num="204" count="1" type="stmt"/>
      <line num="212" count="1" type="stmt"/>
    </file>
  </project>
</coverage>
