{"/Users/Mudassar.Hakim/developement/payflow-unified-kit/src/services/mockApi.ts": {"path":"/Users/Mudassar.Hakim/developement/payflow-unified-kit/src/services/mockApi.ts","statementMap":{"0":{"start":{"line":4,"column":14},"end":{"line":4,"column":77}},"1":{"start":{"line":4,"column":30},"end":{"line":4,"column":77}},"2":{"start":{"line":4,"column":53},"end":{"line":4,"column":76}},"3":{"start":{"line":8,"column":4},"end":{"line":8,"column":21}},"4":{"start":{"line":10,"column":4},"end":{"line":19,"column":6}},"5":{"start":{"line":23,"column":4},"end":{"line":23,"column":59}},"6":{"start":{"line":24,"column":4},"end":{"line":24,"column":21}},"7":{"start":{"line":26,"column":37},"end":{"line":67,"column":6}},"8":{"start":{"line":69,"column":4},"end":{"line":69,"column":72}},"9":{"start":{"line":70,"column":4},"end":{"line":70,"column":19}},"10":{"start":{"line":74,"column":4},"end":{"line":74,"column":21}},"11":{"start":{"line":76,"column":4},"end":{"line":93,"column":6}},"12":{"start":{"line":101,"column":4},"end":{"line":101,"column":22}},"13":{"start":{"line":104,"column":24},"end":{"line":104,"column":37}},"14":{"start":{"line":106,"column":4},"end":{"line":137,"column":5}},"15":{"start":{"line":109,"column":6},"end":{"line":116,"column":8}},"16":{"start":{"line":117,"column":11},"end":{"line":137,"column":5}},"17":{"start":{"line":119,"column":6},"end":{"line":126,"column":8}},"18":{"start":{"line":129,"column":6},"end":{"line":136,"column":8}},"19":{"start":{"line":141,"column":4},"end":{"line":141,"column":21}},"20":{"start":{"line":143,"column":27},"end":{"line":143,"column":52}},"21":{"start":{"line":145,"column":19},"end":{"line":145,"column":79}},"22":{"start":{"line":147,"column":4},"end":{"line":150,"column":6}},"23":{"start":{"line":154,"column":4},"end":{"line":154,"column":21}},"24":{"start":{"line":156,"column":21},"end":{"line":177,"column":6}},"25":{"start":{"line":179,"column":4},"end":{"line":181,"column":5}},"26":{"start":{"line":180,"column":6},"end":{"line":180,"column":22}},"27":{"start":{"line":184,"column":4},"end":{"line":187,"column":6}},"28":{"start":{"line":185,"column":6},"end":{"line":186,"column":64}},"29":{"start":{"line":191,"column":4},"end":{"line":191,"column":21}},"30":{"start":{"line":193,"column":4},"end":{"line":198,"column":6}},"31":{"start":{"line":202,"column":4},"end":{"line":202,"column":21}},"32":{"start":{"line":204,"column":4},"end":{"line":208,"column":6}},"33":{"start":{"line":212,"column":13},"end":{"line":212,"column":51}}},"fnMap":{"0":{"name":"(anonymous_7)","decl":{"start":{"line":4,"column":14},"end":{"line":4,"column":15}},"loc":{"start":{"line":4,"column":30},"end":{"line":4,"column":77}}},"1":{"name":"(anonymous_8)","decl":{"start":{"line":4,"column":42},"end":{"line":4,"column":49}},"loc":{"start":{"line":4,"column":53},"end":{"line":4,"column":76}}},"2":{"name":"(anonymous_9)","decl":{"start":{"line":7,"column":8},"end":{"line":7,"column":25}},"loc":{"start":{"line":7,"column":50},"end":{"line":20,"column":null}}},"3":{"name":"(anonymous_11)","decl":{"start":{"line":22,"column":8},"end":{"line":22,"column":25}},"loc":{"start":{"line":22,"column":25},"end":{"line":71,"column":null}}},"4":{"name":"(anonymous_13)","decl":{"start":{"line":73,"column":8},"end":{"line":73,"column":21}},"loc":{"start":{"line":73,"column":40},"end":{"line":94,"column":null}}},"5":{"name":"(anonymous_15)","decl":{"start":{"line":96,"column":8},"end":{"line":96,"column":22}},"loc":{"start":{"line":100,"column":3},"end":{"line":138,"column":null}}},"6":{"name":"(anonymous_17)","decl":{"start":{"line":140,"column":8},"end":{"line":140,"column":31}},"loc":{"start":{"line":140,"column":31},"end":{"line":151,"column":null}}},"7":{"name":"(anonymous_19)","decl":{"start":{"line":153,"column":8},"end":{"line":153,"column":26}},"loc":{"start":{"line":153,"column":46},"end":{"line":188,"column":null}}},"8":{"name":"(anonymous_21)","decl":{"start":{"line":184,"column":27},"end":{"line":184,"column":31}},"loc":{"start":{"line":185,"column":6},"end":{"line":186,"column":64}}},"9":{"name":"(anonymous_22)","decl":{"start":{"line":190,"column":8},"end":{"line":190,"column":26}},"loc":{"start":{"line":190,"column":26},"end":{"line":199,"column":null}}},"10":{"name":"(anonymous_24)","decl":{"start":{"line":201,"column":8},"end":{"line":201,"column":24}},"loc":{"start":{"line":201,"column":24},"end":{"line":209,"column":null}}}},"branchMap":{"0":{"loc":{"start":{"line":106,"column":4},"end":{"line":137,"column":5}},"type":"if","locations":[{"start":{"line":106,"column":4},"end":{"line":137,"column":5}},{"start":{"line":117,"column":11},"end":{"line":137,"column":5}}]},"1":{"loc":{"start":{"line":117,"column":11},"end":{"line":137,"column":5}},"type":"if","locations":[{"start":{"line":117,"column":11},"end":{"line":137,"column":5}},{"start":{"line":127,"column":11},"end":{"line":137,"column":5}}]},"2":{"loc":{"start":{"line":117,"column":15},"end":{"line":117,"column":63}},"type":"binary-expr","locations":[{"start":{"line":117,"column":15},"end":{"line":117,"column":32}},{"start":{"line":117,"column":36},"end":{"line":117,"column":63}}]},"3":{"loc":{"start":{"line":179,"column":4},"end":{"line":181,"column":5}},"type":"if","locations":[{"start":{"line":179,"column":4},"end":{"line":181,"column":5}},{"start":{},"end":{}}]},"4":{"loc":{"start":{"line":185,"column":6},"end":{"line":186,"column":64}},"type":"binary-expr","locations":[{"start":{"line":185,"column":6},"end":{"line":185,"column":64}},{"start":{"line":186,"column":6},"end":{"line":186,"column":64}}]}},"s":{"0":1,"1":8,"2":8,"3":1,"4":1,"5":1,"6":1,"7":1,"8":1,"9":1,"10":1,"11":1,"12":1,"13":1,"14":1,"15":0,"16":1,"17":1,"18":0,"19":1,"20":1,"21":1,"22":1,"23":1,"24":1,"25":1,"26":1,"27":0,"28":0,"29":1,"30":1,"31":1,"32":1,"33":1},"f":{"0":8,"1":8,"2":1,"3":1,"4":1,"5":1,"6":1,"7":1,"8":0,"9":1,"10":1},"b":{"0":[0,1],"1":[1,0],"2":[1,1],"3":[1,0],"4":[0,0]}}
}
