{"/Users/Mudassar.Hakim/developement/payflow-unified-kit/src/services/emiApi.ts": {"path":"/Users/Mudassar.Hakim/developement/payflow-unified-kit/src/services/emiApi.ts","statementMap":{"0":{"start":{"line":8,"column":0},"end":{"line":8,"column":95}},"1":{"start":{"line":9,"column":0},"end":{"line":9,"column":38}},"2":{"start":{"line":12,"column":42},"end":{"line":79,"column":2}},"3":{"start":{"line":82,"column":10},"end":{"line":82,"column":56}},"4":{"start":{"line":88,"column":4},"end":{"line":88,"column":21}},"5":{"start":{"line":89,"column":4},"end":{"line":89,"column":63}},"6":{"start":{"line":89,"column":45},"end":{"line":89,"column":61}},"7":{"start":{"line":96,"column":4},"end":{"line":96,"column":21}},"8":{"start":{"line":97,"column":4},"end":{"line":97,"column":79}},"9":{"start":{"line":97,"column":43},"end":{"line":97,"column":69}},"10":{"start":{"line":104,"column":4},"end":{"line":104,"column":21}},"11":{"start":{"line":107,"column":24},"end":{"line":107,"column":54}},"12":{"start":{"line":108,"column":4},"end":{"line":110,"column":5}},"13":{"start":{"line":109,"column":6},"end":{"line":109,"column":42}},"14":{"start":{"line":112,"column":32},"end":{"line":112,"column":34}},"15":{"start":{"line":114,"column":4},"end":{"line":119,"column":5}},"16":{"start":{"line":115,"column":6},"end":{"line":115,"column":38}},"17":{"start":{"line":115,"column":29},"end":{"line":115,"column":38}},"18":{"start":{"line":117,"column":20},"end":{"line":117,"column":54}},"19":{"start":{"line":118,"column":6},"end":{"line":118,"column":30}},"20":{"start":{"line":122,"column":4},"end":{"line":122,"column":70}},"21":{"start":{"line":122,"column":35},"end":{"line":122,"column":68}},"22":{"start":{"line":129,"column":4},"end":{"line":129,"column":21}},"23":{"start":{"line":131,"column":21},"end":{"line":131,"column":58}},"24":{"start":{"line":132,"column":4},"end":{"line":134,"column":5}},"25":{"start":{"line":133,"column":6},"end":{"line":133,"column":48}},"26":{"start":{"line":136,"column":4},"end":{"line":136,"column":46}},"27":{"start":{"line":143,"column":4},"end":{"line":143,"column":21}},"28":{"start":{"line":144,"column":4},"end":{"line":144,"column":33}},"29":{"start":{"line":151,"column":4},"end":{"line":151,"column":21}},"30":{"start":{"line":153,"column":29},"end":{"line":153,"column":31}},"31":{"start":{"line":156,"column":21},"end":{"line":156,"column":63}},"32":{"start":{"line":157,"column":4},"end":{"line":159,"column":5}},"33":{"start":{"line":158,"column":6},"end":{"line":158,"column":42}},"34":{"start":{"line":162,"column":4},"end":{"line":164,"column":5}},"35":{"start":{"line":163,"column":6},"end":{"line":163,"column":58}},"36":{"start":{"line":167,"column":4},"end":{"line":169,"column":5}},"37":{"start":{"line":168,"column":6},"end":{"line":168,"column":40}},"38":{"start":{"line":171,"column":4},"end":{"line":173,"column":5}},"39":{"start":{"line":172,"column":6},"end":{"line":172,"column":42}},"40":{"start":{"line":175,"column":4},"end":{"line":178,"column":6}},"41":{"start":{"line":194,"column":4},"end":{"line":194,"column":22}},"42":{"start":{"line":197,"column":23},"end":{"line":197,"column":58}},"43":{"start":{"line":198,"column":4},"end":{"line":200,"column":5}},"44":{"start":{"line":199,"column":6},"end":{"line":199,"column":81}},"45":{"start":{"line":203,"column":22},"end":{"line":203,"column":84}},"46":{"start":{"line":206,"column":29},"end":{"line":206,"column":39}},"47":{"start":{"line":207,"column":4},"end":{"line":207,"column":63}},"48":{"start":{"line":208,"column":4},"end":{"line":208,"column":32}},"49":{"start":{"line":210,"column":28},"end":{"line":210,"column":54}},"50":{"start":{"line":211,"column":4},"end":{"line":211,"column":61}},"51":{"start":{"line":213,"column":4},"end":{"line":222,"column":6}},"52":{"start":{"line":236,"column":4},"end":{"line":236,"column":21}},"53":{"start":{"line":239,"column":4},"end":{"line":246,"column":6}},"54":{"start":{"line":253,"column":4},"end":{"line":253,"column":22}},"55":{"start":{"line":256,"column":4},"end":{"line":259,"column":6}},"56":{"start":{"line":270,"column":4},"end":{"line":270,"column":21}},"57":{"start":{"line":272,"column":4},"end":{"line":276,"column":6}},"58":{"start":{"line":81,"column":0},"end":{"line":81,"column":13}},"59":{"start":{"line":281,"column":13},"end":{"line":281,"column":49}}},"fnMap":{"0":{"name":"(anonymous_7)","decl":{"start":{"line":81,"column":0},"end":{"line":81,"column":13}},"loc":{"start":{"line":81,"column":0},"end":{"line":278,"column":1}}},"1":{"name":"(anonymous_8)","decl":{"start":{"line":87,"column":8},"end":{"line":87,"column":23}},"loc":{"start":{"line":87,"column":23},"end":{"line":90,"column":null}}},"2":{"name":"(anonymous_10)","decl":{"start":{"line":89,"column":33},"end":{"line":89,"column":41}},"loc":{"start":{"line":89,"column":45},"end":{"line":89,"column":61}}},"3":{"name":"(anonymous_11)","decl":{"start":{"line":95,"column":8},"end":{"line":95,"column":22}},"loc":{"start":{"line":95,"column":41},"end":{"line":98,"column":null}}},"4":{"name":"(anonymous_13)","decl":{"start":{"line":97,"column":31},"end":{"line":97,"column":39}},"loc":{"start":{"line":97,"column":43},"end":{"line":97,"column":69}}},"5":{"name":"(anonymous_14)","decl":{"start":{"line":103,"column":8},"end":{"line":103,"column":19}},"loc":{"start":{"line":103,"column":34},"end":{"line":123,"column":null}}},"6":{"name":"(anonymous_16)","decl":{"start":{"line":122,"column":25},"end":{"line":122,"column":26}},"loc":{"start":{"line":122,"column":35},"end":{"line":122,"column":68}}},"7":{"name":"(anonymous_17)","decl":{"start":{"line":128,"column":8},"end":{"line":128,"column":29}},"loc":{"start":{"line":128,"column":64},"end":{"line":137,"column":null}}},"8":{"name":"(anonymous_19)","decl":{"start":{"line":142,"column":8},"end":{"line":142,"column":20}},"loc":{"start":{"line":142,"column":51},"end":{"line":145,"column":null}}},"9":{"name":"(anonymous_21)","decl":{"start":{"line":150,"column":8},"end":{"line":150,"column":26}},"loc":{"start":{"line":150,"column":40},"end":{"line":179,"column":null}}},"10":{"name":"(anonymous_23)","decl":{"start":{"line":184,"column":8},"end":{"line":184,"column":25}},"loc":{"start":{"line":184,"column":56},"end":{"line":223,"column":null}}},"11":{"name":"(anonymous_25)","decl":{"start":{"line":228,"column":8},"end":{"line":228,"column":20}},"loc":{"start":{"line":228,"column":38},"end":{"line":247,"column":null}}},"12":{"name":"(anonymous_27)","decl":{"start":{"line":252,"column":8},"end":{"line":252,"column":17}},"loc":{"start":{"line":252,"column":35},"end":{"line":260,"column":null}}},"13":{"name":"(anonymous_29)","decl":{"start":{"line":265,"column":8},"end":{"line":265,"column":19}},"loc":{"start":{"line":265,"column":38},"end":{"line":277,"column":null}}}},"branchMap":{"0":{"loc":{"start":{"line":97,"column":11},"end":{"line":97,"column":78}},"type":"binary-expr","locations":[{"start":{"line":97,"column":11},"end":{"line":97,"column":70}},{"start":{"line":97,"column":74},"end":{"line":97,"column":78}}]},"1":{"loc":{"start":{"line":108,"column":4},"end":{"line":110,"column":5}},"type":"if","locations":[{"start":{"line":108,"column":4},"end":{"line":110,"column":5}},{"start":{},"end":{}}]},"2":{"loc":{"start":{"line":115,"column":6},"end":{"line":115,"column":38}},"type":"if","locations":[{"start":{"line":115,"column":6},"end":{"line":115,"column":38}},{"start":{},"end":{}}]},"3":{"loc":{"start":{"line":132,"column":4},"end":{"line":134,"column":5}},"type":"if","locations":[{"start":{"line":132,"column":4},"end":{"line":134,"column":5}},{"start":{},"end":{}}]},"4":{"loc":{"start":{"line":157,"column":4},"end":{"line":159,"column":5}},"type":"if","locations":[{"start":{"line":157,"column":4},"end":{"line":159,"column":5}},{"start":{},"end":{}}]},"5":{"loc":{"start":{"line":162,"column":4},"end":{"line":164,"column":5}},"type":"if","locations":[{"start":{"line":162,"column":4},"end":{"line":164,"column":5}},{"start":{},"end":{}}]},"6":{"loc":{"start":{"line":162,"column":8},"end":{"line":162,"column":68}},"type":"binary-expr","locations":[{"start":{"line":162,"column":8},"end":{"line":162,"column":16}},{"start":{"line":162,"column":20},"end":{"line":162,"column":68}}]},"7":{"loc":{"start":{"line":167,"column":4},"end":{"line":169,"column":5}},"type":"if","locations":[{"start":{"line":167,"column":4},"end":{"line":169,"column":5}},{"start":{},"end":{}}]},"8":{"loc":{"start":{"line":171,"column":4},"end":{"line":173,"column":5}},"type":"if","locations":[{"start":{"line":171,"column":4},"end":{"line":173,"column":5}},{"start":{},"end":{}}]},"9":{"loc":{"start":{"line":177,"column":14},"end":{"line":177,"column":52}},"type":"cond-expr","locations":[{"start":{"line":177,"column":34},"end":{"line":177,"column":40}},{"start":{"line":177,"column":43},"end":{"line":177,"column":52}}]},"10":{"loc":{"start":{"line":198,"column":4},"end":{"line":200,"column":5}},"type":"if","locations":[{"start":{"line":198,"column":4},"end":{"line":200,"column":5}},{"start":{},"end":{}}]},"11":{"loc":{"start":{"line":199,"column":48},"end":{"line":199,"column":77}},"type":"cond-expr","locations":[{"start":{"line":199,"column":65},"end":{"line":199,"column":67}},{"start":{"line":199,"column":65},"end":{"line":199,"column":77}}]},"12":{"loc":{"start":{"line":199,"column":48},"end":{"line":199,"column":67}},"type":"binary-expr","locations":[{"start":{"line":199,"column":48},"end":{"line":199,"column":67}},{"start":{"line":199,"column":65},"end":{"line":199,"column":67}}]}},"s":{"0":1,"1":1,"2":1,"3":1,"4":2,"5":2,"6":9,"7":12,"8":12,"9":24,"10":3,"11":3,"12":3,"13":1,"14":2,"15":2,"16":8,"17":0,"18":8,"19":8,"20":2,"21":86,"22":2,"23":2,"24":2,"25":1,"26":1,"27":1,"28":1,"29":8,"30":8,"31":8,"32":8,"33":2,"34":8,"35":1,"36":8,"37":1,"38":8,"39":0,"40":8,"41":4,"42":4,"43":4,"44":1,"45":3,"46":3,"47":3,"48":3,"49":3,"50":3,"51":3,"52":1,"53":1,"54":1,"55":1,"56":1,"57":1,"58":1,"59":1},"f":{"0":1,"1":2,"2":9,"3":12,"4":24,"5":3,"6":86,"7":2,"8":1,"9":8,"10":4,"11":1,"12":1,"13":1},"b":{"0":[12,4],"1":[1,2],"2":[0,8],"3":[1,1],"4":[2,6],"5":[1,7],"6":[8,6],"7":[1,7],"8":[0,8],"9":[4,4],"10":[1,3],"11":[0,1],"12":[1,1]}}
,"/Users/Mudassar.Hakim/developement/payflow-unified-kit/src/services/mockApi.ts": {"path":"/Users/Mudassar.Hakim/developement/payflow-unified-kit/src/services/mockApi.ts","statementMap":{"0":{"start":{"line":4,"column":14},"end":{"line":4,"column":77}},"1":{"start":{"line":4,"column":30},"end":{"line":4,"column":77}},"2":{"start":{"line":4,"column":53},"end":{"line":4,"column":76}},"3":{"start":{"line":8,"column":4},"end":{"line":8,"column":21}},"4":{"start":{"line":10,"column":4},"end":{"line":19,"column":6}},"5":{"start":{"line":23,"column":4},"end":{"line":23,"column":59}},"6":{"start":{"line":24,"column":4},"end":{"line":24,"column":21}},"7":{"start":{"line":26,"column":37},"end":{"line":67,"column":6}},"8":{"start":{"line":69,"column":4},"end":{"line":69,"column":72}},"9":{"start":{"line":70,"column":4},"end":{"line":70,"column":19}},"10":{"start":{"line":74,"column":4},"end":{"line":74,"column":21}},"11":{"start":{"line":76,"column":4},"end":{"line":93,"column":6}},"12":{"start":{"line":101,"column":4},"end":{"line":101,"column":22}},"13":{"start":{"line":104,"column":24},"end":{"line":104,"column":37}},"14":{"start":{"line":106,"column":4},"end":{"line":137,"column":5}},"15":{"start":{"line":109,"column":6},"end":{"line":116,"column":8}},"16":{"start":{"line":117,"column":11},"end":{"line":137,"column":5}},"17":{"start":{"line":119,"column":6},"end":{"line":126,"column":8}},"18":{"start":{"line":129,"column":6},"end":{"line":136,"column":8}},"19":{"start":{"line":141,"column":4},"end":{"line":141,"column":21}},"20":{"start":{"line":143,"column":27},"end":{"line":143,"column":52}},"21":{"start":{"line":145,"column":19},"end":{"line":145,"column":79}},"22":{"start":{"line":147,"column":4},"end":{"line":150,"column":6}},"23":{"start":{"line":154,"column":4},"end":{"line":154,"column":21}},"24":{"start":{"line":156,"column":21},"end":{"line":177,"column":6}},"25":{"start":{"line":179,"column":4},"end":{"line":181,"column":5}},"26":{"start":{"line":180,"column":6},"end":{"line":180,"column":22}},"27":{"start":{"line":184,"column":4},"end":{"line":187,"column":6}},"28":{"start":{"line":185,"column":6},"end":{"line":186,"column":64}},"29":{"start":{"line":191,"column":4},"end":{"line":191,"column":21}},"30":{"start":{"line":193,"column":4},"end":{"line":198,"column":6}},"31":{"start":{"line":202,"column":4},"end":{"line":202,"column":21}},"32":{"start":{"line":204,"column":4},"end":{"line":208,"column":6}},"33":{"start":{"line":212,"column":13},"end":{"line":212,"column":51}}},"fnMap":{"0":{"name":"(anonymous_7)","decl":{"start":{"line":4,"column":14},"end":{"line":4,"column":15}},"loc":{"start":{"line":4,"column":30},"end":{"line":4,"column":77}}},"1":{"name":"(anonymous_8)","decl":{"start":{"line":4,"column":42},"end":{"line":4,"column":49}},"loc":{"start":{"line":4,"column":53},"end":{"line":4,"column":76}}},"2":{"name":"(anonymous_9)","decl":{"start":{"line":7,"column":8},"end":{"line":7,"column":25}},"loc":{"start":{"line":7,"column":50},"end":{"line":20,"column":null}}},"3":{"name":"(anonymous_11)","decl":{"start":{"line":22,"column":8},"end":{"line":22,"column":25}},"loc":{"start":{"line":22,"column":25},"end":{"line":71,"column":null}}},"4":{"name":"(anonymous_13)","decl":{"start":{"line":73,"column":8},"end":{"line":73,"column":21}},"loc":{"start":{"line":73,"column":40},"end":{"line":94,"column":null}}},"5":{"name":"(anonymous_15)","decl":{"start":{"line":96,"column":8},"end":{"line":96,"column":22}},"loc":{"start":{"line":100,"column":3},"end":{"line":138,"column":null}}},"6":{"name":"(anonymous_17)","decl":{"start":{"line":140,"column":8},"end":{"line":140,"column":31}},"loc":{"start":{"line":140,"column":31},"end":{"line":151,"column":null}}},"7":{"name":"(anonymous_19)","decl":{"start":{"line":153,"column":8},"end":{"line":153,"column":26}},"loc":{"start":{"line":153,"column":46},"end":{"line":188,"column":null}}},"8":{"name":"(anonymous_21)","decl":{"start":{"line":184,"column":27},"end":{"line":184,"column":31}},"loc":{"start":{"line":185,"column":6},"end":{"line":186,"column":64}}},"9":{"name":"(anonymous_22)","decl":{"start":{"line":190,"column":8},"end":{"line":190,"column":26}},"loc":{"start":{"line":190,"column":26},"end":{"line":199,"column":null}}},"10":{"name":"(anonymous_24)","decl":{"start":{"line":201,"column":8},"end":{"line":201,"column":24}},"loc":{"start":{"line":201,"column":24},"end":{"line":209,"column":null}}}},"branchMap":{"0":{"loc":{"start":{"line":106,"column":4},"end":{"line":137,"column":5}},"type":"if","locations":[{"start":{"line":106,"column":4},"end":{"line":137,"column":5}},{"start":{"line":117,"column":11},"end":{"line":137,"column":5}}]},"1":{"loc":{"start":{"line":117,"column":11},"end":{"line":137,"column":5}},"type":"if","locations":[{"start":{"line":117,"column":11},"end":{"line":137,"column":5}},{"start":{"line":127,"column":11},"end":{"line":137,"column":5}}]},"2":{"loc":{"start":{"line":117,"column":15},"end":{"line":117,"column":63}},"type":"binary-expr","locations":[{"start":{"line":117,"column":15},"end":{"line":117,"column":32}},{"start":{"line":117,"column":36},"end":{"line":117,"column":63}}]},"3":{"loc":{"start":{"line":179,"column":4},"end":{"line":181,"column":5}},"type":"if","locations":[{"start":{"line":179,"column":4},"end":{"line":181,"column":5}},{"start":{},"end":{}}]},"4":{"loc":{"start":{"line":185,"column":6},"end":{"line":186,"column":64}},"type":"binary-expr","locations":[{"start":{"line":185,"column":6},"end":{"line":185,"column":64}},{"start":{"line":186,"column":6},"end":{"line":186,"column":64}}]}},"s":{"0":1,"1":8,"2":8,"3":1,"4":1,"5":1,"6":1,"7":1,"8":1,"9":1,"10":1,"11":1,"12":1,"13":1,"14":1,"15":0,"16":1,"17":0,"18":1,"19":1,"20":1,"21":1,"22":1,"23":1,"24":1,"25":1,"26":1,"27":0,"28":0,"29":1,"30":1,"31":1,"32":1,"33":1},"f":{"0":8,"1":8,"2":1,"3":1,"4":1,"5":1,"6":1,"7":1,"8":0,"9":1,"10":1},"b":{"0":[0,1],"1":[0,1],"2":[1,0],"3":[1,0],"4":[0,0]}}
,"/Users/Mudassar.Hakim/developement/payflow-unified-kit/src/services/walletApi.ts": {"path":"/Users/Mudassar.Hakim/developement/payflow-unified-kit/src/services/walletApi.ts","statementMap":{"0":{"start":{"line":2,"column":0},"end":{"line":2,"column":39}},"1":{"start":{"line":33,"column":10},"end":{"line":94,"column":4}},"2":{"start":{"line":97,"column":4},"end":{"line":97,"column":21}},"3":{"start":{"line":98,"column":4},"end":{"line":98,"column":103}},"4":{"start":{"line":98,"column":51},"end":{"line":98,"column":101}},"5":{"start":{"line":102,"column":4},"end":{"line":102,"column":21}},"6":{"start":{"line":105,"column":49},"end":{"line":111,"column":6}},"7":{"start":{"line":113,"column":20},"end":{"line":113,"column":47}},"8":{"start":{"line":115,"column":4},"end":{"line":119,"column":6}},"9":{"start":{"line":123,"column":4},"end":{"line":123,"column":21}},"10":{"start":{"line":125,"column":21},"end":{"line":125,"column":70}},"11":{"start":{"line":125,"column":52},"end":{"line":125,"column":69}},"12":{"start":{"line":126,"column":4},"end":{"line":131,"column":5}},"13":{"start":{"line":127,"column":6},"end":{"line":130,"column":8}},"14":{"start":{"line":134,"column":4},"end":{"line":140,"column":5}},"15":{"start":{"line":135,"column":6},"end":{"line":139,"column":8}},"16":{"start":{"line":143,"column":4},"end":{"line":154,"column":5}},"17":{"start":{"line":144,"column":22},"end":{"line":144,"column":61}},"18":{"start":{"line":146,"column":6},"end":{"line":153,"column":7}},"19":{"start":{"line":147,"column":26},"end":{"line":147,"column":50}},"20":{"start":{"line":148,"column":8},"end":{"line":152,"column":10}},"21":{"start":{"line":156,"column":4},"end":{"line":156,"column":27}},"22":{"start":{"line":164,"column":4},"end":{"line":164,"column":22}},"23":{"start":{"line":167,"column":23},"end":{"line":167,"column":77}},"24":{"start":{"line":168,"column":4},"end":{"line":170,"column":5}},"25":{"start":{"line":169,"column":6},"end":{"line":169,"column":41}},"26":{"start":{"line":173,"column":22},"end":{"line":173,"column":48}},"27":{"start":{"line":176,"column":24},"end":{"line":176,"column":37}},"28":{"start":{"line":178,"column":4},"end":{"line":183,"column":5}},"29":{"start":{"line":179,"column":6},"end":{"line":182,"column":8}},"30":{"start":{"line":186,"column":29},"end":{"line":186,"column":75}},"31":{"start":{"line":188,"column":4},"end":{"line":192,"column":6}},"32":{"start":{"line":199,"column":4},"end":{"line":199,"column":21}},"33":{"start":{"line":202,"column":76},"end":{"line":202,"column":121}},"34":{"start":{"line":203,"column":25},"end":{"line":203,"column":78}},"35":{"start":{"line":205,"column":4},"end":{"line":211,"column":6}},"36":{"start":{"line":215,"column":4},"end":{"line":217,"column":5}},"37":{"start":{"line":216,"column":6},"end":{"line":216,"column":55}},"38":{"start":{"line":218,"column":4},"end":{"line":218,"column":36}},"39":{"start":{"line":222,"column":4},"end":{"line":222,"column":69}},"40":{"start":{"line":222,"column":49},"end":{"line":222,"column":67}},"41":{"start":{"line":226,"column":13},"end":{"line":226,"column":55}}},"fnMap":{"0":{"name":"(anonymous_7)","decl":{"start":{"line":32,"column":0},"end":{"line":32,"column":6}},"loc":{"start":{"line":32,"column":0},"end":{"line":224,"column":1}}},"1":{"name":"(anonymous_8)","decl":{"start":{"line":96,"column":8},"end":{"line":96,"column":26}},"loc":{"start":{"line":96,"column":26},"end":{"line":99,"column":null}}},"2":{"name":"(anonymous_10)","decl":{"start":{"line":98,"column":39},"end":{"line":98,"column":47}},"loc":{"start":{"line":98,"column":51},"end":{"line":98,"column":101}}},"3":{"name":"(anonymous_11)","decl":{"start":{"line":101,"column":8},"end":{"line":101,"column":26}},"loc":{"start":{"line":101,"column":43},"end":{"line":120,"column":null}}},"4":{"name":"(anonymous_13)","decl":{"start":{"line":122,"column":8},"end":{"line":122,"column":33}},"loc":{"start":{"line":122,"column":66},"end":{"line":157,"column":null}}},"5":{"name":"(anonymous_15)","decl":{"start":{"line":125,"column":47},"end":{"line":125,"column":48}},"loc":{"start":{"line":125,"column":52},"end":{"line":125,"column":69}}},"6":{"name":"(anonymous_16)","decl":{"start":{"line":159,"column":8},"end":{"line":159,"column":29}},"loc":{"start":{"line":159,"column":79},"end":{"line":193,"column":null}}},"7":{"name":"(anonymous_18)","decl":{"start":{"line":195,"column":8},"end":{"line":195,"column":34}},"loc":{"start":{"line":195,"column":52},"end":{"line":212,"column":null}}},"8":{"name":"(anonymous_20)","decl":{"start":{"line":214,"column":2},"end":{"line":214,"column":15}},"loc":{"start":{"line":214,"column":56},"end":{"line":219,"column":3}}},"9":{"name":"(anonymous_21)","decl":{"start":{"line":221,"column":2},"end":{"line":221,"column":17}},"loc":{"start":{"line":221,"column":28},"end":{"line":223,"column":3}}},"10":{"name":"(anonymous_22)","decl":{"start":{"line":222,"column":37},"end":{"line":222,"column":45}},"loc":{"start":{"line":222,"column":49},"end":{"line":222,"column":67}}}},"branchMap":{"0":{"loc":{"start":{"line":98,"column":51},"end":{"line":98,"column":101}},"type":"binary-expr","locations":[{"start":{"line":98,"column":51},"end":{"line":98,"column":78}},{"start":{"line":98,"column":82},"end":{"line":98,"column":101}}]},"1":{"loc":{"start":{"line":113,"column":20},"end":{"line":113,"column":47}},"type":"binary-expr","locations":[{"start":{"line":113,"column":20},"end":{"line":113,"column":42}},{"start":{"line":113,"column":46},"end":{"line":113,"column":47}}]},"2":{"loc":{"start":{"line":126,"column":4},"end":{"line":131,"column":5}},"type":"if","locations":[{"start":{"line":126,"column":4},"end":{"line":131,"column":5}},{"start":{},"end":{}}]},"3":{"loc":{"start":{"line":134,"column":4},"end":{"line":140,"column":5}},"type":"if","locations":[{"start":{"line":134,"column":4},"end":{"line":140,"column":5}},{"start":{},"end":{}}]},"4":{"loc":{"start":{"line":143,"column":4},"end":{"line":154,"column":5}},"type":"if","locations":[{"start":{"line":143,"column":4},"end":{"line":154,"column":5}},{"start":{},"end":{}}]},"5":{"loc":{"start":{"line":146,"column":6},"end":{"line":153,"column":7}},"type":"if","locations":[{"start":{"line":146,"column":6},"end":{"line":153,"column":7}},{"start":{},"end":{}}]},"6":{"loc":{"start":{"line":168,"column":4},"end":{"line":170,"column":5}},"type":"if","locations":[{"start":{"line":168,"column":4},"end":{"line":170,"column":5}},{"start":{},"end":{}}]},"7":{"loc":{"start":{"line":178,"column":4},"end":{"line":183,"column":5}},"type":"if","locations":[{"start":{"line":178,"column":4},"end":{"line":183,"column":5}},{"start":{},"end":{}}]},"8":{"loc":{"start":{"line":190,"column":19},"end":{"line":190,"column":92}},"type":"cond-expr","locations":[{"start":{"line":190,"column":38},"end":{"line":190,"column":80}},{"start":{"line":190,"column":83},"end":{"line":190,"column":92}}]},"9":{"loc":{"start":{"line":207,"column":15},"end":{"line":210,"column":43}},"type":"cond-expr","locations":[{"start":{"line":207,"column":44},"end":{"line":207,"column":76}},{"start":{"line":208,"column":15},"end":{"line":210,"column":43}}]},"10":{"loc":{"start":{"line":208,"column":15},"end":{"line":210,"column":43}},"type":"cond-expr","locations":[{"start":{"line":208,"column":43},"end":{"line":208,"column":59}},{"start":{"line":209,"column":15},"end":{"line":210,"column":43}}]},"11":{"loc":{"start":{"line":209,"column":15},"end":{"line":210,"column":43}},"type":"cond-expr","locations":[{"start":{"line":209,"column":46},"end":{"line":209,"column":69}},{"start":{"line":210,"column":15},"end":{"line":210,"column":43}}]},"12":{"loc":{"start":{"line":215,"column":4},"end":{"line":217,"column":5}},"type":"if","locations":[{"start":{"line":215,"column":4},"end":{"line":217,"column":5}},{"start":{},"end":{}}]},"13":{"loc":{"start":{"line":218,"column":11},"end":{"line":218,"column":35}},"type":"binary-expr","locations":[{"start":{"line":218,"column":11},"end":{"line":218,"column":30}},{"start":{"line":218,"column":34},"end":{"line":218,"column":35}}]}},"s":{"0":1,"1":1,"2":2,"3":2,"4":10,"5":6,"6":6,"7":6,"8":6,"9":6,"10":6,"11":17,"12":6,"13":1,"14":5,"15":2,"16":3,"17":3,"18":3,"19":1,"20":1,"21":2,"22":2,"23":2,"24":2,"25":1,"26":1,"27":1,"28":1,"29":0,"30":1,"31":1,"32":1,"33":1,"34":1,"35":1,"36":2,"37":0,"38":2,"39":5,"40":13,"41":1},"f":{"0":1,"1":2,"2":10,"3":6,"4":6,"5":17,"6":2,"7":1,"8":2,"9":5,"10":13},"b":{"0":[10,2],"1":[6,0],"2":[1,5],"3":[2,3],"4":[3,0],"5":[1,2],"6":[1,1],"7":[0,1],"8":[0,1],"9":[0,1],"10":[0,1],"11":[1,0],"12":[0,2],"13":[2,2]}}
,"/Users/Mudassar.Hakim/developement/payflow-unified-kit/src/utils/delay.ts": {"path":"/Users/Mudassar.Hakim/developement/payflow-unified-kit/src/utils/delay.ts","statementMap":{"0":{"start":{"line":1,"column":21},"end":{"line":3,"column":1}},"1":{"start":{"line":2,"column":2},"end":{"line":2,"column":57}},"2":{"start":{"line":2,"column":32},"end":{"line":2,"column":55}},"3":{"start":{"line":1,"column":13},"end":{"line":1,"column":21}}},"fnMap":{"0":{"name":"(anonymous_0)","decl":{"start":{"line":1,"column":21},"end":{"line":1,"column":22}},"loc":{"start":{"line":1,"column":51},"end":{"line":3,"column":1}}},"1":{"name":"(anonymous_1)","decl":{"start":{"line":2,"column":21},"end":{"line":2,"column":28}},"loc":{"start":{"line":2,"column":32},"end":{"line":2,"column":55}}}},"branchMap":{},"s":{"0":1,"1":17,"2":17,"3":1},"f":{"0":17,"1":17},"b":{}}
,"/Users/Mudassar.Hakim/developement/payflow-unified-kit/src/utils/emiCalculator.ts": {"path":"/Users/Mudassar.Hakim/developement/payflow-unified-kit/src/utils/emiCalculator.ts","statementMap":{"0":{"start":{"line":16,"column":0},"end":{"line":16,"column":16}},"1":{"start":{"line":47,"column":0},"end":{"line":47,"column":16}},"2":{"start":{"line":89,"column":0},"end":{"line":89,"column":16}},"3":{"start":{"line":100,"column":0},"end":{"line":100,"column":16}},"4":{"start":{"line":135,"column":0},"end":{"line":135,"column":16}},"5":{"start":{"line":147,"column":0},"end":{"line":147,"column":16}},"6":{"start":{"line":154,"column":0},"end":{"line":154,"column":16}},"7":{"start":{"line":161,"column":0},"end":{"line":161,"column":16}},"8":{"start":{"line":17,"column":62},"end":{"line":17,"column":69}},"9":{"start":{"line":20,"column":22},"end":{"line":20,"column":45}},"10":{"start":{"line":23,"column":14},"end":{"line":24,"column":53}},"11":{"start":{"line":26,"column":21},"end":{"line":26,"column":48}},"12":{"start":{"line":27,"column":25},"end":{"line":27,"column":44}},"13":{"start":{"line":28,"column":24},"end":{"line":28,"column":47}},"14":{"start":{"line":29,"column":22},"end":{"line":29,"column":52}},"15":{"start":{"line":31,"column":2},"end":{"line":41,"column":4}},"16":{"start":{"line":51,"column":27},"end":{"line":51,"column":29}},"17":{"start":{"line":54,"column":2},"end":{"line":56,"column":3}},"18":{"start":{"line":55,"column":4},"end":{"line":55,"column":17}},"19":{"start":{"line":58,"column":2},"end":{"line":80,"column":5}},"20":{"start":{"line":59,"column":25},"end":{"line":59,"column":55}},"21":{"start":{"line":60,"column":4},"end":{"line":60,"column":30}},"22":{"start":{"line":60,"column":23},"end":{"line":60,"column":30}},"23":{"start":{"line":62,"column":24},"end":{"line":67,"column":6}},"24":{"start":{"line":69,"column":4},"end":{"line":79,"column":7}},"25":{"start":{"line":83,"column":2},"end":{"line":83,"column":65}},"26":{"start":{"line":83,"column":30},"end":{"line":83,"column":63}},"27":{"start":{"line":90,"column":2},"end":{"line":90,"column":38}},"28":{"start":{"line":90,"column":26},"end":{"line":90,"column":38}},"29":{"start":{"line":92,"column":2},"end":{"line":94,"column":4}},"30":{"start":{"line":93,"column":4},"end":{"line":93,"column":63}},"31":{"start":{"line":106,"column":2},"end":{"line":108,"column":3}},"32":{"start":{"line":107,"column":4},"end":{"line":107,"column":71}},"33":{"start":{"line":111,"column":2},"end":{"line":113,"column":3}},"34":{"start":{"line":112,"column":4},"end":{"line":112,"column":95}},"35":{"start":{"line":116,"column":2},"end":{"line":118,"column":3}},"36":{"start":{"line":117,"column":4},"end":{"line":117,"column":94}},"37":{"start":{"line":121,"column":2},"end":{"line":127,"column":3}},"38":{"start":{"line":122,"column":19},"end":{"line":122,"column":39}},"39":{"start":{"line":123,"column":25},"end":{"line":123,"column":36}},"40":{"start":{"line":124,"column":4},"end":{"line":126,"column":5}},"41":{"start":{"line":125,"column":6},"end":{"line":125,"column":85}},"42":{"start":{"line":129,"column":2},"end":{"line":129,"column":28}},"43":{"start":{"line":136,"column":2},"end":{"line":141,"column":20}},"44":{"start":{"line":148,"column":2},"end":{"line":148,"column":31}},"45":{"start":{"line":155,"column":2},"end":{"line":155,"column":35}},"46":{"start":{"line":170,"column":26},"end":{"line":170,"column":32}},"47":{"start":{"line":171,"column":23},"end":{"line":171,"column":42}},"48":{"start":{"line":172,"column":20},"end":{"line":172,"column":50}},"49":{"start":{"line":173,"column":28},"end":{"line":173,"column":63}},"50":{"start":{"line":175,"column":2},"end":{"line":180,"column":4}}},"fnMap":{"0":{"name":"calculateEMI","decl":{"start":{"line":16,"column":16},"end":{"line":16,"column":28}},"loc":{"start":{"line":16,"column":59},"end":{"line":42,"column":1}}},"1":{"name":"generateEMIPlans","decl":{"start":{"line":47,"column":16},"end":{"line":47,"column":32}},"loc":{"start":{"line":49,"column":23},"end":{"line":84,"column":1}}},"2":{"name":"(anonymous_2)","decl":{"start":{"line":58,"column":36},"end":{"line":58,"column":42}},"loc":{"start":{"line":58,"column":45},"end":{"line":80,"column":3}}},"3":{"name":"(anonymous_3)","decl":{"start":{"line":83,"column":20},"end":{"line":83,"column":21}},"loc":{"start":{"line":83,"column":30},"end":{"line":83,"column":63}}},"4":{"name":"getBestEMIPlan","decl":{"start":{"line":89,"column":16},"end":{"line":89,"column":30}},"loc":{"start":{"line":89,"column":47},"end":{"line":95,"column":1}}},"5":{"name":"(anonymous_5)","decl":{"start":{"line":92,"column":22},"end":{"line":92,"column":23}},"loc":{"start":{"line":93,"column":4},"end":{"line":93,"column":63}}},"6":{"name":"validateEMIEligibility","decl":{"start":{"line":100,"column":16},"end":{"line":100,"column":38}},"loc":{"start":{"line":103,"column":25},"end":{"line":130,"column":1}}},"7":{"name":"formatEMIAmount","decl":{"start":{"line":135,"column":16},"end":{"line":135,"column":31}},"loc":{"start":{"line":135,"column":46},"end":{"line":142,"column":1}}},"8":{"name":"formatInterestRate","decl":{"start":{"line":147,"column":16},"end":{"line":147,"column":34}},"loc":{"start":{"line":147,"column":47},"end":{"line":149,"column":1}}},"9":{"name":"getStandardTenures","decl":{"start":{"line":154,"column":16},"end":{"line":154,"column":34}},"loc":{"start":{"line":154,"column":34},"end":{"line":156,"column":1}}},"10":{"name":"calculateEMICostComparison","decl":{"start":{"line":161,"column":16},"end":{"line":161,"column":42}},"loc":{"start":{"line":163,"column":18},"end":{"line":181,"column":1}}}},"branchMap":{"0":{"loc":{"start":{"line":17,"column":40},"end":{"line":17,"column":57}},"type":"default-arg","locations":[{"start":{"line":17,"column":56},"end":{"line":17,"column":57}}]},"1":{"loc":{"start":{"line":54,"column":2},"end":{"line":56,"column":3}},"type":"if","locations":[{"start":{"line":54,"column":2},"end":{"line":56,"column":3}},{"start":{},"end":{}}]},"2":{"loc":{"start":{"line":54,"column":6},"end":{"line":54,"column":64}},"type":"binary-expr","locations":[{"start":{"line":54,"column":6},"end":{"line":54,"column":33}},{"start":{"line":54,"column":37},"end":{"line":54,"column":64}}]},"3":{"loc":{"start":{"line":60,"column":4},"end":{"line":60,"column":30}},"type":"if","locations":[{"start":{"line":60,"column":4},"end":{"line":60,"column":30}},{"start":{},"end":{}}]},"4":{"loc":{"start":{"line":66,"column":21},"end":{"line":66,"column":48}},"type":"binary-expr","locations":[{"start":{"line":66,"column":21},"end":{"line":66,"column":43}},{"start":{"line":66,"column":47},"end":{"line":66,"column":48}}]},"5":{"loc":{"start":{"line":90,"column":2},"end":{"line":90,"column":38}},"type":"if","locations":[{"start":{"line":90,"column":2},"end":{"line":90,"column":38}},{"start":{},"end":{}}]},"6":{"loc":{"start":{"line":93,"column":4},"end":{"line":93,"column":63}},"type":"cond-expr","locations":[{"start":{"line":93,"column":49},"end":{"line":93,"column":56}},{"start":{"line":93,"column":59},"end":{"line":93,"column":63}}]},"7":{"loc":{"start":{"line":106,"column":2},"end":{"line":108,"column":3}},"type":"if","locations":[{"start":{"line":106,"column":2},"end":{"line":108,"column":3}},{"start":{},"end":{}}]},"8":{"loc":{"start":{"line":111,"column":2},"end":{"line":113,"column":3}},"type":"if","locations":[{"start":{"line":111,"column":2},"end":{"line":113,"column":3}},{"start":{},"end":{}}]},"9":{"loc":{"start":{"line":116,"column":2},"end":{"line":118,"column":3}},"type":"if","locations":[{"start":{"line":116,"column":2},"end":{"line":118,"column":3}},{"start":{},"end":{}}]},"10":{"loc":{"start":{"line":116,"column":6},"end":{"line":116,"column":68}},"type":"binary-expr","locations":[{"start":{"line":116,"column":6},"end":{"line":116,"column":39}},{"start":{"line":116,"column":43},"end":{"line":116,"column":68}}]},"11":{"loc":{"start":{"line":121,"column":2},"end":{"line":127,"column":3}},"type":"if","locations":[{"start":{"line":121,"column":2},"end":{"line":127,"column":3}},{"start":{},"end":{}}]},"12":{"loc":{"start":{"line":124,"column":4},"end":{"line":126,"column":5}},"type":"if","locations":[{"start":{"line":124,"column":4},"end":{"line":126,"column":5}},{"start":{},"end":{}}]}},"s":{"0":2,"1":2,"2":2,"3":2,"4":2,"5":2,"6":2,"7":2,"8":53,"9":53,"10":53,"11":53,"12":53,"13":53,"14":53,"15":53,"16":13,"17":13,"18":2,"19":11,"20":48,"21":48,"22":2,"23":46,"24":46,"25":11,"26":35,"27":2,"28":1,"29":1,"30":2,"31":8,"32":2,"33":6,"34":1,"35":5,"36":1,"37":4,"38":1,"39":1,"40":1,"41":0,"42":4,"43":2,"44":2,"45":1,"46":1,"47":1,"48":1,"49":1,"50":1},"f":{"0":53,"1":13,"2":48,"3":35,"4":2,"5":2,"6":8,"7":2,"8":2,"9":1,"10":1},"b":{"0":[6],"1":[2,11],"2":[13,12],"3":[2,46],"4":[46,12],"5":[1,1],"6":[1,1],"7":[2,6],"8":[1,5],"9":[1,4],"10":[5,3],"11":[1,3],"12":[0,1]}}
}
