TN:
SF:src/services/emiApi.ts
FN:81,(anonymous_7)
FN:87,(anonymous_8)
FN:89,(anonymous_10)
FN:95,(anonymous_11)
FN:97,(anonymous_13)
FN:103,(anonymous_14)
FN:122,(anonymous_16)
FN:128,(anonymous_17)
FN:142,(anonymous_19)
FN:150,(anonymous_21)
FN:184,(anonymous_23)
FN:228,(anonymous_25)
FN:252,(anonymous_27)
FN:265,(anonymous_29)
FNF:14
FNH:14
FNDA:1,(anonymous_7)
FNDA:2,(anonymous_8)
FNDA:9,(anonymous_10)
FNDA:12,(anonymous_11)
FNDA:24,(anonymous_13)
FNDA:3,(anonymous_14)
FNDA:86,(anonymous_16)
FNDA:2,(anonymous_17)
FNDA:1,(anonymous_19)
FNDA:8,(anonymous_21)
FNDA:4,(anonymous_23)
FNDA:1,(anonymous_25)
FNDA:1,(anonymous_27)
FNDA:1,(anonymous_29)
DA:8,1
DA:9,1
DA:12,1
DA:81,1
DA:82,1
DA:88,2
DA:89,9
DA:96,12
DA:97,24
DA:104,3
DA:107,3
DA:108,3
DA:109,1
DA:112,2
DA:114,2
DA:115,8
DA:117,8
DA:118,8
DA:122,86
DA:129,2
DA:131,2
DA:132,2
DA:133,1
DA:136,1
DA:143,1
DA:144,1
DA:151,8
DA:153,8
DA:156,8
DA:157,8
DA:158,2
DA:162,8
DA:163,1
DA:167,8
DA:168,1
DA:171,8
DA:172,0
DA:175,8
DA:194,4
DA:197,4
DA:198,4
DA:199,1
DA:203,3
DA:206,3
DA:207,3
DA:208,3
DA:210,3
DA:211,3
DA:213,3
DA:236,1
DA:239,1
DA:253,1
DA:256,1
DA:270,1
DA:272,1
DA:281,1
LF:56
LH:55
BRDA:97,0,0,12
BRDA:97,0,1,4
BRDA:108,1,0,1
BRDA:108,1,1,2
BRDA:115,2,0,0
BRDA:115,2,1,8
BRDA:132,3,0,1
BRDA:132,3,1,1
BRDA:157,4,0,2
BRDA:157,4,1,6
BRDA:162,5,0,1
BRDA:162,5,1,7
BRDA:162,6,0,8
BRDA:162,6,1,6
BRDA:167,7,0,1
BRDA:167,7,1,7
BRDA:171,8,0,0
BRDA:171,8,1,8
BRDA:177,9,0,4
BRDA:177,9,1,4
BRDA:198,10,0,1
BRDA:198,10,1,3
BRDA:199,11,0,0
BRDA:199,11,1,1
BRDA:199,12,0,1
BRDA:199,12,1,1
BRF:26
BRH:23
end_of_record
TN:
SF:src/services/mockApi.ts
FN:4,(anonymous_7)
FN:4,(anonymous_8)
FN:7,(anonymous_9)
FN:22,(anonymous_11)
FN:73,(anonymous_13)
FN:96,(anonymous_15)
FN:140,(anonymous_17)
FN:153,(anonymous_19)
FN:184,(anonymous_21)
FN:190,(anonymous_22)
FN:201,(anonymous_24)
FNF:11
FNH:10
FNDA:8,(anonymous_7)
FNDA:8,(anonymous_8)
FNDA:1,(anonymous_9)
FNDA:1,(anonymous_11)
FNDA:1,(anonymous_13)
FNDA:1,(anonymous_15)
FNDA:1,(anonymous_17)
FNDA:1,(anonymous_19)
FNDA:0,(anonymous_21)
FNDA:1,(anonymous_22)
FNDA:1,(anonymous_24)
DA:4,8
DA:8,1
DA:10,1
DA:23,1
DA:24,1
DA:26,1
DA:69,1
DA:70,1
DA:74,1
DA:76,1
DA:101,1
DA:104,1
DA:106,1
DA:109,0
DA:117,1
DA:119,0
DA:129,1
DA:141,1
DA:143,1
DA:145,1
DA:147,1
DA:154,1
DA:156,1
DA:179,1
DA:180,1
DA:184,0
DA:185,0
DA:191,1
DA:193,1
DA:202,1
DA:204,1
DA:212,1
LF:32
LH:28
BRDA:106,0,0,0
BRDA:106,0,1,1
BRDA:117,1,0,0
BRDA:117,1,1,1
BRDA:117,2,0,1
BRDA:117,2,1,0
BRDA:179,3,0,1
BRDA:179,3,1,0
BRDA:185,4,0,0
BRDA:185,4,1,0
BRF:10
BRH:4
end_of_record
TN:
SF:src/services/walletApi.ts
FN:32,(anonymous_7)
FN:96,(anonymous_8)
FN:98,(anonymous_10)
FN:101,(anonymous_11)
FN:122,(anonymous_13)
FN:125,(anonymous_15)
FN:159,(anonymous_16)
FN:195,(anonymous_18)
FN:214,(anonymous_20)
FN:221,(anonymous_21)
FN:222,(anonymous_22)
FNF:11
FNH:11
FNDA:1,(anonymous_7)
FNDA:2,(anonymous_8)
FNDA:10,(anonymous_10)
FNDA:6,(anonymous_11)
FNDA:6,(anonymous_13)
FNDA:17,(anonymous_15)
FNDA:2,(anonymous_16)
FNDA:1,(anonymous_18)
FNDA:2,(anonymous_20)
FNDA:5,(anonymous_21)
FNDA:13,(anonymous_22)
DA:2,1
DA:33,1
DA:97,2
DA:98,10
DA:102,6
DA:105,6
DA:113,6
DA:115,6
DA:123,6
DA:125,17
DA:126,6
DA:127,1
DA:134,5
DA:135,2
DA:143,3
DA:144,3
DA:146,3
DA:147,1
DA:148,1
DA:156,2
DA:164,2
DA:167,2
DA:168,2
DA:169,1
DA:173,1
DA:176,1
DA:178,1
DA:179,0
DA:186,1
DA:188,1
DA:199,1
DA:202,1
DA:203,1
DA:205,1
DA:215,2
DA:216,0
DA:218,2
DA:222,13
DA:226,1
LF:39
LH:37
BRDA:98,0,0,10
BRDA:98,0,1,2
BRDA:113,1,0,6
BRDA:113,1,1,0
BRDA:126,2,0,1
BRDA:126,2,1,5
BRDA:134,3,0,2
BRDA:134,3,1,3
BRDA:143,4,0,3
BRDA:143,4,1,0
BRDA:146,5,0,1
BRDA:146,5,1,2
BRDA:168,6,0,1
BRDA:168,6,1,1
BRDA:178,7,0,0
BRDA:178,7,1,1
BRDA:190,8,0,0
BRDA:190,8,1,1
BRDA:207,9,0,0
BRDA:207,9,1,1
BRDA:208,10,0,0
BRDA:208,10,1,1
BRDA:209,11,0,1
BRDA:209,11,1,0
BRDA:215,12,0,0
BRDA:215,12,1,2
BRDA:218,13,0,2
BRDA:218,13,1,2
BRF:28
BRH:20
end_of_record
TN:
SF:src/utils/delay.ts
FN:1,(anonymous_0)
FN:2,(anonymous_1)
FNF:2
FNH:2
FNDA:17,(anonymous_0)
FNDA:17,(anonymous_1)
DA:1,1
DA:2,17
LF:2
LH:2
BRF:0
BRH:0
end_of_record
TN:
SF:src/utils/emiCalculator.ts
FN:16,calculateEMI
FN:47,generateEMIPlans
FN:58,(anonymous_2)
FN:83,(anonymous_3)
FN:89,getBestEMIPlan
FN:92,(anonymous_5)
FN:100,validateEMIEligibility
FN:135,formatEMIAmount
FN:147,formatInterestRate
FN:154,getStandardTenures
FN:161,calculateEMICostComparison
FNF:11
FNH:11
FNDA:53,calculateEMI
FNDA:13,generateEMIPlans
FNDA:48,(anonymous_2)
FNDA:35,(anonymous_3)
FNDA:2,getBestEMIPlan
FNDA:2,(anonymous_5)
FNDA:8,validateEMIEligibility
FNDA:2,formatEMIAmount
FNDA:2,formatInterestRate
FNDA:1,getStandardTenures
FNDA:1,calculateEMICostComparison
DA:16,2
DA:17,53
DA:20,53
DA:23,53
DA:26,53
DA:27,53
DA:28,53
DA:29,53
DA:31,53
DA:47,2
DA:51,13
DA:54,13
DA:55,2
DA:58,11
DA:59,48
DA:60,48
DA:62,46
DA:69,46
DA:83,35
DA:89,2
DA:90,2
DA:92,1
DA:93,2
DA:100,2
DA:106,8
DA:107,2
DA:111,6
DA:112,1
DA:116,5
DA:117,1
DA:121,4
DA:122,1
DA:123,1
DA:124,1
DA:125,0
DA:129,4
DA:135,2
DA:136,2
DA:147,2
DA:148,2
DA:154,2
DA:155,1
DA:161,2
DA:170,1
DA:171,1
DA:172,1
DA:173,1
DA:175,1
LF:48
LH:47
BRDA:17,0,0,6
BRDA:54,1,0,2
BRDA:54,1,1,11
BRDA:54,2,0,13
BRDA:54,2,1,12
BRDA:60,3,0,2
BRDA:60,3,1,46
BRDA:66,4,0,46
BRDA:66,4,1,12
BRDA:90,5,0,1
BRDA:90,5,1,1
BRDA:93,6,0,1
BRDA:93,6,1,1
BRDA:106,7,0,2
BRDA:106,7,1,6
BRDA:111,8,0,1
BRDA:111,8,1,5
BRDA:116,9,0,1
BRDA:116,9,1,4
BRDA:116,10,0,5
BRDA:116,10,1,3
BRDA:121,11,0,1
BRDA:121,11,1,3
BRDA:124,12,0,0
BRDA:124,12,1,1
BRF:25
BRH:24
end_of_record
