TN:
SF:src/services/mockApi.ts
FN:4,(anonymous_7)
FN:4,(anonymous_8)
FN:7,(anonymous_9)
FN:22,(anonymous_11)
FN:73,(anonymous_13)
FN:96,(anonymous_15)
FN:140,(anonymous_17)
FN:153,(anonymous_19)
FN:184,(anonymous_21)
FN:190,(anonymous_22)
FN:201,(anonymous_24)
FNF:11
FNH:10
FNDA:8,(anonymous_7)
FNDA:8,(anonymous_8)
FNDA:1,(anonymous_9)
FNDA:1,(anonymous_11)
FNDA:1,(anonymous_13)
FNDA:1,(anonymous_15)
FNDA:1,(anonymous_17)
FNDA:1,(anonymous_19)
FNDA:0,(anonymous_21)
FNDA:1,(anonymous_22)
FNDA:1,(anonymous_24)
DA:4,8
DA:8,1
DA:10,1
DA:23,1
DA:24,1
DA:26,1
DA:69,1
DA:70,1
DA:74,1
DA:76,1
DA:101,1
DA:104,1
DA:106,1
DA:109,0
DA:117,1
DA:119,1
DA:129,0
DA:141,1
DA:143,1
DA:145,1
DA:147,1
DA:154,1
DA:156,1
DA:179,1
DA:180,1
DA:184,0
DA:185,0
DA:191,1
DA:193,1
DA:202,1
DA:204,1
DA:212,1
LF:32
LH:28
BRDA:106,0,0,0
BRDA:106,0,1,1
BRDA:117,1,0,1
BRDA:117,1,1,0
BRDA:117,2,0,1
BRDA:117,2,1,1
BRDA:179,3,0,1
BRDA:179,3,1,0
BRDA:185,4,0,0
BRDA:185,4,1,0
BRF:10
BRH:5
end_of_record
